<?xml version="1.0" encoding="UTF-8"?>
<!-- Generated by org.testng.reporters.JUnitReportReporter -->
<testsuite hostname="Nikita" name="testNG.DetailsAppliances" tests="1" failures="0" timestamp="21 Jul 2014 16:56:51 GMT" time="0.039" errors="0">
  <testcase name="appliancesClick" time="0.039" classname="testNG.DetailsAppliances"/>
</testsuite> <!-- testNG.DetailsAppliances -->
