<?xml version="1.0" encoding="UTF-8"?>
<!-- Generated by org.testng.reporters.JUnitReportReporter -->
<testsuite hostname="Nikita" name="testNG.firstSearch" tests="1" failures="0" timestamp="20 Jul 2014 10:18:51 GMT" time="17.481" errors="0">
  <testcase name="asearchBar" time="17.481" classname="testNG.firstSearch"/>
</testsuite> <!-- testNG.firstSearch -->
