<?xml version="1.0" encoding="UTF-8"?>
<!-- Generated by org.testng.reporters.JUnitReportReporter -->
<testsuite hostname="Nikita" name="testNG.selectAppliances" tests="2" failures="0" timestamp="20 Jul 2014 11:22:09 GMT" time="24.209" errors="0">
  <testcase name="appliancesClick" time="19.498" classname="testNG.selectAppliances"/>
  <testcase name="nameAppliances" time="4.711" classname="testNG.selectAppliances"/>
</testsuite> <!-- testNG.selectAppliances -->
