<?xml version="1.0" encoding="UTF-8"?>
<!-- Generated by org.testng.reporters.JUnitReportReporter -->
<testsuite hostname="Nikita" name="testNG.firstSearch" tests="1" failures="0" timestamp="20 Jul 2014 10:03:20 GMT" time="20.948" errors="0">
  <testcase name="asearchBar" time="20.948" classname="testNG.firstSearch"/>
</testsuite> <!-- testNG.firstSearch -->
